mar. 09, 2025 1:53:51 PM liquibase.changelog
INFORMAÇÕES: Reading resource: db/changelog/migrations/db.changelog202503072326.sql
mar. 09, 2025 1:53:51 PM liquibase.changelog
INFORMAÇÕES: Reading resource: db/changelog/migrations/db.changelog202503081052.sql
mar. 09, 2025 1:53:51 PM liquibase.changelog
INFORMAÇÕES: Reading resource: db/changelog/migrations/db.changelog202503081104.sql
mar. 09, 2025 1:53:51 PM liquibase.changelog
INFORMAÇÕES: Reading resource: db/changelog/migrations/db.changelog202503081110.sql
mar. 09, 2025 1:53:51 PM liquibase.changelog
INFORMAÇÕES: Reading from board.databasechangelog
Database is up to date, no changesets to execute
mar. 09, 2025 1:53:51 PM liquibase.changelog
INFORMAÇÕES: Reading from board.databasechangelog

UPDATE SUMMARY
Run:                          0
Previously run:               4
Filtered out:                 0
-------------------------------
Total change sets:            4

mar. 09, 2025 1:53:51 PM liquibase.util
INFORMAÇÕES: UPDATE SUMMARY
mar. 09, 2025 1:53:51 PM liquibase.util
INFORMAÇÕES: Run:                          0
mar. 09, 2025 1:53:51 PM liquibase.util
INFORMAÇÕES: Previously run:               4
mar. 09, 2025 1:53:51 PM liquibase.util
INFORMAÇÕES: Filtered out:                 0
mar. 09, 2025 1:53:51 PM liquibase.util
INFORMAÇÕES: -------------------------------
mar. 09, 2025 1:53:51 PM liquibase.util
INFORMAÇÕES: Total change sets:            4
mar. 09, 2025 1:53:51 PM liquibase.util
INFORMAÇÕES: Update summary generated
mar. 09, 2025 1:53:51 PM liquibase.command
INFORMAÇÕES: Command execution complete
